5 -7 89.2299
-1 -7 72.1046
5 -1 88.9653
-1 -1 86.8136
11 -7 87.425
11 -1 88.5479
5 -13 72.5808
-1 -13 45.7378
11 -13 89.271
-3 -7 45.4909
-3 -1 76.7255
-3 -13 45.7378
5 1 60.9935
-1 1 40.2704
11 1 61.0053
-3 1 22.0165
9 -7 87.6426
9 -1 88.7713
9 -13 87.3545
9 1 61.0464
5 -11 83.2451
-1 -11 45.5144
11 -11 88.8066
-3 -11 45.5144
9 -11 89.2769
3 -7 87.2134
3 -1 89.0417
3 -13 47.8189
3 1 60.9935
3 -11 72.5691
5 -5 88.9888
-1 -5 82.7043
11 -5 87.4721
-3 -5 70.729
9 -5 87.6955
3 -5 89.2416
15 -7 87.0076
15 -1 87.1487
15 -13 87.5132
15 1 60.7937
15 -11 87.1487
15 -5 87.0312
5 -15 47.8777
-1 -15 45.7966
11 -15 87.3545
-3 -15 45.7966
9 -15 83.2158
3 -15 45.7966
15 -15 88.8125
-5 -7 43.4333
-5 -1 52.1399
-5 -13 45.7378
-5 1 17.8836
-5 -11 45.5144
-5 -5 40.4644
-5 -15 45.7966
5 3 25.4321
-1 3 19.2357
11 3 25.4262
-3 3 15.4733
9 3 25.4262
