6 -7 89.9177
3 -7 89.8001
6 -5 90.0529
3 -5 90.4409
9 -7 89.6238
9 -5 89.7413
2 -7 88.5185
2 -5 90.4586
6 -9 90.4762
3 -9 86.6079
9 -9 89.6943
2 -9 83.7919
8 -7 89.659
8 -5 89.8942
8 -9 89.8942
6 -4 90.1352
3 -4 90.2822
9 -4 89.9059
2 -4 90.3762
8 -4 89.9882
5 -7 90.2704
5 -5 90.1293
5 -9 89.8295
5 -4 90.1587
10 -7 89.4533
10 -5 89.6649
10 -9 89.5708
10 -4 89.7942
6 -8 90.2704
3 -8 88.6655
9 -8 89.659
2 -8 86.5315
8 -8 89.7413
5 -8 90.435
10 -8 89.5885
1 -7 86.3374
1 -5 89.5591
1 -9 79.2063
1 -4 90.3175
1 -8 83.5332
7 -7 89.7766
7 -5 90.0059
7 -9 90.2528
7 -4 90.047
