5 -7 90.1411
-1 -7 77.6132
5 -1 81.9577
-1 -1 66.6196
11 -7 88.8595
11 -1 81.8166
5 -13 78.4421
-1 -13 53.4744
11 -13 89.9471
-3 -7 45.6143
-3 -1 32.6808
-3 -13 53.4744
5 1 30.5879
-1 1 19.9588
11 1 30.582
-3 1 15.0794
9 -7 89.2651
9 -1 81.8812
9 -13 89.3592
9 1 30.5703
5 -11 86.0729
-1 -11 52.9865
11 -11 89.2593
-3 -11 52.9865
9 -11 90.0
3 -7 89.2475
3 -1 82.0223
3 -13 57.1017
3 1 30.5644
3 -11 78.4421
5 -5 89.759
-1 -5 85.0029
11 -5 88.8889
-3 -5 74.4856
9 -5 89.3239
3 -5 90.3057
15 -7 88.2128
